INFO  time: initialize in 0.46s
WARN  no build tool detected in workspace 'E:\UCSC\2nd Year\1st Sem\SCS 2204 Functional Programming\Assignments\2\Functions and Data\Q4'. The most common cause for this problem is that the editor was opened in the wrong working directory, for example if you use sbt then the workspace directory should contain build.sbt. 
WARN  no build target: E:\UCSC\2nd Year\1st Sem\SCS 2204 Functional Programming\Assignments\2\Functions and Data\Q4\Q4.scala
INFO  no build target: using presentation compiler with only scala-library
WARN  no build target: E:\UCSC\2nd Year\1st Sem\SCS 2204 Functional Programming\Assignments\2\Functions and Data\Q4\Q4.scala
WARN  no build target: 
WARN  no build tool detected in workspace 'E:\UCSC\2nd Year\1st Sem\SCS 2204 Functional Programming\Assignments\2\Functions and Data\Q4'. The most common cause for this problem is that the editor was opened in the wrong working directory, for example if you use sbt then the workspace directory should contain build.sbt. 
WARN  no build tool detected in workspace 'E:\UCSC\2nd Year\1st Sem\SCS 2204 Functional Programming\Assignments\2\Functions and Data\Q4'. The most common cause for this problem is that the editor was opened in the wrong working directory, for example if you use sbt then the workspace directory should contain build.sbt. 
WARN  no build tool detected in workspace 'E:\UCSC\2nd Year\1st Sem\SCS 2204 Functional Programming\Assignments\2\Functions and Data\Q4'. The most common cause for this problem is that the editor was opened in the wrong working directory, for example if you use sbt then the workspace directory should contain build.sbt. 
WARN  no build tool detected in workspace 'E:\UCSC\2nd Year\1st Sem\SCS 2204 Functional Programming\Assignments\2\Functions and Data\Q4'. The most common cause for this problem is that the editor was opened in the wrong working directory, for example if you use sbt then the workspace directory should contain build.sbt. 
WARN  no build tool detected in workspace 'E:\UCSC\2nd Year\1st Sem\SCS 2204 Functional Programming\Assignments\2\Functions and Data\Q4'. The most common cause for this problem is that the editor was opened in the wrong working directory, for example if you use sbt then the workspace directory should contain build.sbt. 
something's wrong: no file:///E:/UCSC/2nd%20Year/1st%20Sem/SCS%202204%20Functional%20Programming/Assignments/2/Functions%20and%20Data/Q4/Q4.scala in List[<error>]RangePosition(file:///E:/UCSC/2nd%20Year/1st%20Sem/SCS%202204%20Functional%20Programming/Assignments/2/Functions%20and%20Data/Q4/Q4.scala, 439, 439, 453)
something's wrong: no file:///E:/UCSC/2nd%20Year/1st%20Sem/SCS%202204%20Functional%20Programming/Assignments/2/Functions%20and%20Data/Q4/Q4.scala in List[<error>]RangePosition(file:///E:/UCSC/2nd%20Year/1st%20Sem/SCS%202204%20Functional%20Programming/Assignments/2/Functions%20and%20Data/Q4/Q4.scala, 439, 439, 446)
Aug 20, 2021 10:43:38 AM org.eclipse.lsp4j.jsonrpc.RemoteEndpoint handleCancellation
WARNING: Unmatched cancel notification for request id 102
something's wrong: no file:///E:/UCSC/2nd%20Year/1st%20Sem/SCS%202204%20Functional%20Programming/Assignments/2/Functions%20and%20Data/Q4/Q4.scala in List[Account]RangePosition(file:///E:/UCSC/2nd%20Year/1st%20Sem/SCS%202204%20Functional%20Programming/Assignments/2/Functions%20and%20Data/Q4/Q4.scala, 439, 439, 452)
something's wrong: no file:///E:/UCSC/2nd%20Year/1st%20Sem/SCS%202204%20Functional%20Programming/Assignments/2/Functions%20and%20Data/Q4/Q4.scala in List[Account]RangePosition(file:///E:/UCSC/2nd%20Year/1st%20Sem/SCS%202204%20Functional%20Programming/Assignments/2/Functions%20and%20Data/Q4/Q4.scala, 439, 439, 452)
something's wrong: no file:///E:/UCSC/2nd%20Year/1st%20Sem/SCS%202204%20Functional%20Programming/Assignments/2/Functions%20and%20Data/Q4/Q4.scala in List[Account]RangePosition(file:///E:/UCSC/2nd%20Year/1st%20Sem/SCS%202204%20Functional%20Programming/Assignments/2/Functions%20and%20Data/Q4/Q4.scala, 439, 439, 452)
WARN  no build tool detected in workspace 'E:\UCSC\2nd Year\1st Sem\SCS 2204 Functional Programming\Assignments\2\Functions and Data\Q4'. The most common cause for this problem is that the editor was opened in the wrong working directory, for example if you use sbt then the workspace directory should contain build.sbt. 
WARN  no build target: E:\UCSC\2nd Year\1st Sem\SCS 2204 Functional Programming\Assignments\2\Functions and Data\Q4\Q4.scala
WARN  no build target: 
WARN  no build target: E:\UCSC\2nd Year\1st Sem\SCS 2204 Functional Programming\Assignments\2\Functions and Data\Q4\Q4.scala
WARN  no build target: 
WARN  no build target: E:\UCSC\2nd Year\1st Sem\SCS 2204 Functional Programming\Assignments\2\Functions and Data\Q4\Q4.scala
WARN  no build target: 
WARN  no build tool detected in workspace 'E:\UCSC\2nd Year\1st Sem\SCS 2204 Functional Programming\Assignments\2\Functions and Data\Q4'. The most common cause for this problem is that the editor was opened in the wrong working directory, for example if you use sbt then the workspace directory should contain build.sbt. 
WARN  no build tool detected in workspace 'E:\UCSC\2nd Year\1st Sem\SCS 2204 Functional Programming\Assignments\2\Functions and Data\Q4'. The most common cause for this problem is that the editor was opened in the wrong working directory, for example if you use sbt then the workspace directory should contain build.sbt. 
WARN  no build tool detected in workspace 'E:\UCSC\2nd Year\1st Sem\SCS 2204 Functional Programming\Assignments\2\Functions and Data\Q4'. The most common cause for this problem is that the editor was opened in the wrong working directory, for example if you use sbt then the workspace directory should contain build.sbt. 
WARN  no build tool detected in workspace 'E:\UCSC\2nd Year\1st Sem\SCS 2204 Functional Programming\Assignments\2\Functions and Data\Q4'. The most common cause for this problem is that the editor was opened in the wrong working directory, for example if you use sbt then the workspace directory should contain build.sbt. 
WARN  no build tool detected in workspace 'E:\UCSC\2nd Year\1st Sem\SCS 2204 Functional Programming\Assignments\2\Functions and Data\Q4'. The most common cause for this problem is that the editor was opened in the wrong working directory, for example if you use sbt then the workspace directory should contain build.sbt. 
WARN  no build tool detected in workspace 'E:\UCSC\2nd Year\1st Sem\SCS 2204 Functional Programming\Assignments\2\Functions and Data\Q4'. The most common cause for this problem is that the editor was opened in the wrong working directory, for example if you use sbt then the workspace directory should contain build.sbt. 
WARN  no build tool detected in workspace 'E:\UCSC\2nd Year\1st Sem\SCS 2204 Functional Programming\Assignments\2\Functions and Data\Q4'. The most common cause for this problem is that the editor was opened in the wrong working directory, for example if you use sbt then the workspace directory should contain build.sbt. 
WARN  no build tool detected in workspace 'E:\UCSC\2nd Year\1st Sem\SCS 2204 Functional Programming\Assignments\2\Functions and Data\Q4'. The most common cause for this problem is that the editor was opened in the wrong working directory, for example if you use sbt then the workspace directory should contain build.sbt. 
WARN  no build tool detected in workspace 'E:\UCSC\2nd Year\1st Sem\SCS 2204 Functional Programming\Assignments\2\Functions and Data\Q4'. The most common cause for this problem is that the editor was opened in the wrong working directory, for example if you use sbt then the workspace directory should contain build.sbt. 
WARN  no build tool detected in workspace 'E:\UCSC\2nd Year\1st Sem\SCS 2204 Functional Programming\Assignments\2\Functions and Data\Q4'. The most common cause for this problem is that the editor was opened in the wrong working directory, for example if you use sbt then the workspace directory should contain build.sbt. 
WARN  no build tool detected in workspace 'E:\UCSC\2nd Year\1st Sem\SCS 2204 Functional Programming\Assignments\2\Functions and Data\Q4'. The most common cause for this problem is that the editor was opened in the wrong working directory, for example if you use sbt then the workspace directory should contain build.sbt. 
WARN  no build tool detected in workspace 'E:\UCSC\2nd Year\1st Sem\SCS 2204 Functional Programming\Assignments\2\Functions and Data\Q4'. The most common cause for this problem is that the editor was opened in the wrong working directory, for example if you use sbt then the workspace directory should contain build.sbt. 
WARN  no build tool detected in workspace 'E:\UCSC\2nd Year\1st Sem\SCS 2204 Functional Programming\Assignments\2\Functions and Data\Q4'. The most common cause for this problem is that the editor was opened in the wrong working directory, for example if you use sbt then the workspace directory should contain build.sbt. 
WARN  no build tool detected in workspace 'E:\UCSC\2nd Year\1st Sem\SCS 2204 Functional Programming\Assignments\2\Functions and Data\Q4'. The most common cause for this problem is that the editor was opened in the wrong working directory, for example if you use sbt then the workspace directory should contain build.sbt. 
WARN  no build target: E:\UCSC\2nd Year\1st Sem\SCS 2204 Functional Programming\Assignments\2\Functions and Data\Q4\Q4.scala
WARN  no build target: 
Aug 20, 2021 10:48:46 AM scala.meta.internal.pc.CompilerAccess handleError
SEVERE: null
java.lang.NullPointerException
	at scala.meta.internal.pc.HoverProvider.seenFromType(HoverProvider.scala:106)
	at scala.meta.internal.pc.HoverProvider.hover(HoverProvider.scala:42)

WARN  no build target: E:\UCSC\2nd Year\1st Sem\SCS 2204 Functional Programming\Assignments\2\Functions and Data\Q4\Q4.scala
WARN  no build target: 
something's wrong: no file:///E:/UCSC/2nd%20Year/1st%20Sem/SCS%202204%20Functional%20Programming/Assignments/2/Functions%20and%20Data/Q4/Q4.scala in List[<error>]RangePosition(file:///E:/UCSC/2nd%20Year/1st%20Sem/SCS%202204%20Functional%20Programming/Assignments/2/Functions%20and%20Data/Q4/Q4.scala, 374, 374, 388)
something's wrong: no file:///E:/UCSC/2nd%20Year/1st%20Sem/SCS%202204%20Functional%20Programming/Assignments/2/Functions%20and%20Data/Q4/Q4.scala in List[<error>]RangePosition(file:///E:/UCSC/2nd%20Year/1st%20Sem/SCS%202204%20Functional%20Programming/Assignments/2/Functions%20and%20Data/Q4/Q4.scala, 374, 374, 381)
something's wrong: no file:///E:/UCSC/2nd%20Year/1st%20Sem/SCS%202204%20Functional%20Programming/Assignments/2/Functions%20and%20Data/Q4/Q4.scala in List[<error>]RangePosition(file:///E:/UCSC/2nd%20Year/1st%20Sem/SCS%202204%20Functional%20Programming/Assignments/2/Functions%20and%20Data/Q4/Q4.scala, 374, 374, 384)
something's wrong: no file:///E:/UCSC/2nd%20Year/1st%20Sem/SCS%202204%20Functional%20Programming/Assignments/2/Functions%20and%20Data/Q4/Q4.scala in List[Account]RangePosition(file:///E:/UCSC/2nd%20Year/1st%20Sem/SCS%202204%20Functional%20Programming/Assignments/2/Functions%20and%20Data/Q4/Q4.scala, 374, 374, 387)
something's wrong: no file:///E:/UCSC/2nd%20Year/1st%20Sem/SCS%202204%20Functional%20Programming/Assignments/2/Functions%20and%20Data/Q4/Q4.scala in List[Account]RangePosition(file:///E:/UCSC/2nd%20Year/1st%20Sem/SCS%202204%20Functional%20Programming/Assignments/2/Functions%20and%20Data/Q4/Q4.scala, 374, 374, 387)
something's wrong: no file:///E:/UCSC/2nd%20Year/1st%20Sem/SCS%202204%20Functional%20Programming/Assignments/2/Functions%20and%20Data/Q4/Q4.scala in List[Account]RangePosition(file:///E:/UCSC/2nd%20Year/1st%20Sem/SCS%202204%20Functional%20Programming/Assignments/2/Functions%20and%20Data/Q4/Q4.scala, 374, 374, 387)
WARN  no build target: E:\UCSC\2nd Year\1st Sem\SCS 2204 Functional Programming\Assignments\2\Functions and Data\Q4\Q4.scala
WARN  no build target: 
WARN  no build target: E:\UCSC\2nd Year\1st Sem\SCS 2204 Functional Programming\Assignments\2\Functions and Data\Q4\Q4.scala
WARN  no build target: 
WARN  no build target: E:\UCSC\2nd Year\1st Sem\SCS 2204 Functional Programming\Assignments\2\Functions and Data\Q4\Q4.scala
WARN  no build target: 
WARN  no build target: E:\UCSC\2nd Year\1st Sem\SCS 2204 Functional Programming\Assignments\2\Functions and Data\Q4\Q4.scala
WARN  no build target: 
WARN  no build tool detected in workspace 'E:\UCSC\2nd Year\1st Sem\SCS 2204 Functional Programming\Assignments\2\Functions and Data\Q4'. The most common cause for this problem is that the editor was opened in the wrong working directory, for example if you use sbt then the workspace directory should contain build.sbt. 
WARN  no build tool detected in workspace 'E:\UCSC\2nd Year\1st Sem\SCS 2204 Functional Programming\Assignments\2\Functions and Data\Q4'. The most common cause for this problem is that the editor was opened in the wrong working directory, for example if you use sbt then the workspace directory should contain build.sbt. 
WARN  no build target: E:\UCSC\2nd Year\1st Sem\SCS 2204 Functional Programming\Assignments\2\Functions and Data\Q4\Q4.scala
WARN  no build target: 
WARN  no build target: E:\UCSC\2nd Year\1st Sem\SCS 2204 Functional Programming\Assignments\2\Functions and Data\Q4\Q4.scala
WARN  no build target: 
WARN  no build target: E:\UCSC\2nd Year\1st Sem\SCS 2204 Functional Programming\Assignments\2\Functions and Data\Q4\Q4.scala
WARN  no build target: 
WARN  no build tool detected in workspace 'E:\UCSC\2nd Year\1st Sem\SCS 2204 Functional Programming\Assignments\2\Functions and Data\Q4'. The most common cause for this problem is that the editor was opened in the wrong working directory, for example if you use sbt then the workspace directory should contain build.sbt. 
WARN  no build target: E:\UCSC\2nd Year\1st Sem\SCS 2204 Functional Programming\Assignments\2\Functions and Data\Q4\Q4.scala
WARN  no build target: 
WARN  no build target: E:\UCSC\2nd Year\1st Sem\SCS 2204 Functional Programming\Assignments\2\Functions and Data\Q4\Q4.scala
WARN  no build target: 
WARN  no build target: E:\UCSC\2nd Year\1st Sem\SCS 2204 Functional Programming\Assignments\2\Functions and Data\Q4\Q4.scala
WARN  no build target: 
WARN  no build tool detected in workspace 'E:\UCSC\2nd Year\1st Sem\SCS 2204 Functional Programming\Assignments\2\Functions and Data\Q4'. The most common cause for this problem is that the editor was opened in the wrong working directory, for example if you use sbt then the workspace directory should contain build.sbt. 
WARN  no build tool detected in workspace 'E:\UCSC\2nd Year\1st Sem\SCS 2204 Functional Programming\Assignments\2\Functions and Data\Q4'. The most common cause for this problem is that the editor was opened in the wrong working directory, for example if you use sbt then the workspace directory should contain build.sbt. 
WARN  no build target: E:\UCSC\2nd Year\1st Sem\SCS 2204 Functional Programming\Assignments\2\Functions and Data\Q4\Q4.scala
WARN  no build target: 
WARN  no build target: E:\UCSC\2nd Year\1st Sem\SCS 2204 Functional Programming\Assignments\2\Functions and Data\Q4\Q4.scala
WARN  no build target: 
Aug 20, 2021 11:06:37 AM scala.meta.internal.pc.CompilerAccess handleError
SEVERE: null
java.lang.NullPointerException
	at scala.meta.internal.pc.HoverProvider.seenFromType(HoverProvider.scala:106)
	at scala.meta.internal.pc.HoverProvider.hover(HoverProvider.scala:42)

WARN  no build target: E:\UCSC\2nd Year\1st Sem\SCS 2204 Functional Programming\Assignments\2\Functions and Data\Q4\Q4.scala
WARN  no build target: 
WARN  no build target: E:\UCSC\2nd Year\1st Sem\SCS 2204 Functional Programming\Assignments\2\Functions and Data\Q4\Q4.scala
WARN  no build target: 
Aug 20, 2021 11:10:27 AM scala.meta.internal.pc.CompilerAccess handleError
SEVERE: null
java.lang.NullPointerException
	at scala.meta.internal.pc.HoverProvider.seenFromType(HoverProvider.scala:106)
	at scala.meta.internal.pc.HoverProvider.hover(HoverProvider.scala:42)

WARN  no build target: E:\UCSC\2nd Year\1st Sem\SCS 2204 Functional Programming\Assignments\2\Functions and Data\Q4\Q4.scala
WARN  no build target: 
WARN  no build target: E:\UCSC\2nd Year\1st Sem\SCS 2204 Functional Programming\Assignments\2\Functions and Data\Q4\Q4.scala
WARN  no build target: 
WARN  no build target: E:\UCSC\2nd Year\1st Sem\SCS 2204 Functional Programming\Assignments\2\Functions and Data\Q4\Q4.scala
WARN  no build target: 
WARN  no build target: E:\UCSC\2nd Year\1st Sem\SCS 2204 Functional Programming\Assignments\2\Functions and Data\Q4\Q4.scala
WARN  no build target: 
WARN  no build target: E:\UCSC\2nd Year\1st Sem\SCS 2204 Functional Programming\Assignments\2\Functions and Data\Q4\Q4.scala
WARN  no build target: 
WARN  no build target: E:\UCSC\2nd Year\1st Sem\SCS 2204 Functional Programming\Assignments\2\Functions and Data\Q4\Q4.scala
WARN  no build target: 
WARN  no build tool detected in workspace 'E:\UCSC\2nd Year\1st Sem\SCS 2204 Functional Programming\Assignments\2\Functions and Data\Q4'. The most common cause for this problem is that the editor was opened in the wrong working directory, for example if you use sbt then the workspace directory should contain build.sbt. 
WARN  no build tool detected in workspace 'E:\UCSC\2nd Year\1st Sem\SCS 2204 Functional Programming\Assignments\2\Functions and Data\Q4'. The most common cause for this problem is that the editor was opened in the wrong working directory, for example if you use sbt then the workspace directory should contain build.sbt. 
WARN  no build tool detected in workspace 'E:\UCSC\2nd Year\1st Sem\SCS 2204 Functional Programming\Assignments\2\Functions and Data\Q4'. The most common cause for this problem is that the editor was opened in the wrong working directory, for example if you use sbt then the workspace directory should contain build.sbt. 
WARN  no build tool detected in workspace 'E:\UCSC\2nd Year\1st Sem\SCS 2204 Functional Programming\Assignments\2\Functions and Data\Q4'. The most common cause for this problem is that the editor was opened in the wrong working directory, for example if you use sbt then the workspace directory should contain build.sbt. 
WARN  no build tool detected in workspace 'E:\UCSC\2nd Year\1st Sem\SCS 2204 Functional Programming\Assignments\2\Functions and Data\Q4'. The most common cause for this problem is that the editor was opened in the wrong working directory, for example if you use sbt then the workspace directory should contain build.sbt. 
WARN  no build tool detected in workspace 'E:\UCSC\2nd Year\1st Sem\SCS 2204 Functional Programming\Assignments\2\Functions and Data\Q4'. The most common cause for this problem is that the editor was opened in the wrong working directory, for example if you use sbt then the workspace directory should contain build.sbt. 
WARN  no build target: E:\UCSC\2nd Year\1st Sem\SCS 2204 Functional Programming\Assignments\2\Functions and Data\Q4\Q4.scala
WARN  no build target: 
WARN  no build tool detected in workspace 'E:\UCSC\2nd Year\1st Sem\SCS 2204 Functional Programming\Assignments\2\Functions and Data\Q4'. The most common cause for this problem is that the editor was opened in the wrong working directory, for example if you use sbt then the workspace directory should contain build.sbt. 
WARN  no build target: E:\UCSC\2nd Year\1st Sem\SCS 2204 Functional Programming\Assignments\2\Functions and Data\Q4\Q4.scala
WARN  no build target: 
WARN  no build tool detected in workspace 'E:\UCSC\2nd Year\1st Sem\SCS 2204 Functional Programming\Assignments\2\Functions and Data\Q4'. The most common cause for this problem is that the editor was opened in the wrong working directory, for example if you use sbt then the workspace directory should contain build.sbt. 
WARN  no build target: E:\UCSC\2nd Year\1st Sem\SCS 2204 Functional Programming\Assignments\2\Functions and Data\Q4\Q4.scala
WARN  no build target: 
WARN  no build target: E:\UCSC\2nd Year\1st Sem\SCS 2204 Functional Programming\Assignments\2\Functions and Data\Q4\Q4.scala
WARN  no build target: 
WARN  no build target: E:\UCSC\2nd Year\1st Sem\SCS 2204 Functional Programming\Assignments\2\Functions and Data\Q4\Q4.scala
WARN  no build target: 
WARN  no build tool detected in workspace 'E:\UCSC\2nd Year\1st Sem\SCS 2204 Functional Programming\Assignments\2\Functions and Data\Q4'. The most common cause for this problem is that the editor was opened in the wrong working directory, for example if you use sbt then the workspace directory should contain build.sbt. 
WARN  no build target: E:\UCSC\2nd Year\1st Sem\SCS 2204 Functional Programming\Assignments\2\Functions and Data\Q4\Q4.scala
WARN  no build target: 
WARN  no build tool detected in workspace 'E:\UCSC\2nd Year\1st Sem\SCS 2204 Functional Programming\Assignments\2\Functions and Data\Q4'. The most common cause for this problem is that the editor was opened in the wrong working directory, for example if you use sbt then the workspace directory should contain build.sbt. 
WARN  no build tool detected in workspace 'E:\UCSC\2nd Year\1st Sem\SCS 2204 Functional Programming\Assignments\2\Functions and Data\Q4'. The most common cause for this problem is that the editor was opened in the wrong working directory, for example if you use sbt then the workspace directory should contain build.sbt. 
WARN  no build target: E:\UCSC\2nd Year\1st Sem\SCS 2204 Functional Programming\Assignments\2\Functions and Data\Q4\Q4.scala
WARN  no build target: 
WARN  no build tool detected in workspace 'E:\UCSC\2nd Year\1st Sem\SCS 2204 Functional Programming\Assignments\2\Functions and Data\Q4'. The most common cause for this problem is that the editor was opened in the wrong working directory, for example if you use sbt then the workspace directory should contain build.sbt. 
WARN  no build target: E:\UCSC\2nd Year\1st Sem\SCS 2204 Functional Programming\Assignments\2\Functions and Data\Q4\Q4.scala
WARN  no build target: 
WARN  no build target: E:\UCSC\2nd Year\1st Sem\SCS 2204 Functional Programming\Assignments\2\Functions and Data\Q4\Q4.scala
WARN  no build target: 
WARN  no build target: E:\UCSC\2nd Year\1st Sem\SCS 2204 Functional Programming\Assignments\2\Functions and Data\Q4\Q4.scala
WARN  no build target: 
WARN  no build target: E:\UCSC\2nd Year\1st Sem\SCS 2204 Functional Programming\Assignments\2\Functions and Data\Q4\Q4.scala
WARN  no build target: 
something's wrong: no file:///E:/UCSC/2nd%20Year/1st%20Sem/SCS%202204%20Functional%20Programming/Assignments/2/Functions%20and%20Data/Q4/Q4.scala in List[<error>]RangePosition(file:///E:/UCSC/2nd%20Year/1st%20Sem/SCS%202204%20Functional%20Programming/Assignments/2/Functions%20and%20Data/Q4/Q4.scala, 467, 467, 481)
something's wrong: no file:///E:/UCSC/2nd%20Year/1st%20Sem/SCS%202204%20Functional%20Programming/Assignments/2/Functions%20and%20Data/Q4/Q4.scala in List[<error>]RangePosition(file:///E:/UCSC/2nd%20Year/1st%20Sem/SCS%202204%20Functional%20Programming/Assignments/2/Functions%20and%20Data/Q4/Q4.scala, 467, 467, 474)
something's wrong: no file:///E:/UCSC/2nd%20Year/1st%20Sem/SCS%202204%20Functional%20Programming/Assignments/2/Functions%20and%20Data/Q4/Q4.scala in List[<error>]RangePosition(file:///E:/UCSC/2nd%20Year/1st%20Sem/SCS%202204%20Functional%20Programming/Assignments/2/Functions%20and%20Data/Q4/Q4.scala, 467, 467, 477)
something's wrong: no file:///E:/UCSC/2nd%20Year/1st%20Sem/SCS%202204%20Functional%20Programming/Assignments/2/Functions%20and%20Data/Q4/Q4.scala in List[Account]RangePosition(file:///E:/UCSC/2nd%20Year/1st%20Sem/SCS%202204%20Functional%20Programming/Assignments/2/Functions%20and%20Data/Q4/Q4.scala, 467, 467, 480)
something's wrong: no file:///E:/UCSC/2nd%20Year/1st%20Sem/SCS%202204%20Functional%20Programming/Assignments/2/Functions%20and%20Data/Q4/Q4.scala in List[Account]RangePosition(file:///E:/UCSC/2nd%20Year/1st%20Sem/SCS%202204%20Functional%20Programming/Assignments/2/Functions%20and%20Data/Q4/Q4.scala, 467, 467, 480)
something's wrong: no file:///E:/UCSC/2nd%20Year/1st%20Sem/SCS%202204%20Functional%20Programming/Assignments/2/Functions%20and%20Data/Q4/Q4.scala in List[Account]RangePosition(file:///E:/UCSC/2nd%20Year/1st%20Sem/SCS%202204%20Functional%20Programming/Assignments/2/Functions%20and%20Data/Q4/Q4.scala, 467, 467, 480)
WARN  no build target: E:\UCSC\2nd Year\1st Sem\SCS 2204 Functional Programming\Assignments\2\Functions and Data\Q4\Q4.scala
WARN  no build target: 
Aug 20, 2021 11:29:18 AM scala.meta.internal.pc.CompilerAccess handleError
SEVERE: String index out of range: -1
java.lang.StringIndexOutOfBoundsException: String index out of range: -1
	at java.lang.String.<init>(Unknown Source)
	at scala.tools.nsc.interactive.Global.typeCompletions$1(Global.scala:1230)
	at scala.tools.nsc.interactive.Global.completionsAt(Global.scala:1253)
	at scala.meta.internal.pc.SignatureHelpProvider.$anonfun$treeSymbol$1(SignatureHelpProvider.scala:359)
	at scala.Option.map(Option.scala:163)
	at scala.meta.internal.pc.SignatureHelpProvider.treeSymbol(SignatureHelpProvider.scala:358)
	at scala.meta.internal.pc.SignatureHelpProvider$MethodCall$.unapply(SignatureHelpProvider.scala:197)
	at scala.meta.internal.pc.SignatureHelpProvider$MethodCallTraverser.visit(SignatureHelpProvider.scala:305)
	at scala.meta.internal.pc.SignatureHelpProvider$MethodCallTraverser.traverse(SignatureHelpProvider.scala:300)
	at scala.meta.internal.pc.SignatureHelpProvider$MethodCallTraverser.traverse(SignatureHelpProvider.scala:265)
	at scala.reflect.internal.Trees.traverseComponents$1(Trees.scala:1330)
	at scala.reflect.internal.Trees.itraverse(Trees.scala:1366)
	at scala.reflect.internal.Trees.itraverse$(Trees.scala:1236)
	at scala.reflect.internal.SymbolTable.itraverse(SymbolTable.scala:27)
	at scala.reflect.internal.SymbolTable.itraverse(SymbolTable.scala:27)
	at scala.reflect.api.Trees$Traverser.traverse(Trees.scala:2483)
	at scala.meta.internal.pc.SignatureHelpProvider$MethodCallTraverser.visit(SignatureHelpProvider.scala:329)
	at scala.meta.internal.pc.SignatureHelpProvider$MethodCallTraverser.traverse(SignatureHelpProvider.scala:300)
	at scala.meta.internal.pc.SignatureHelpProvider$MethodCallTraverser.$anonfun$visit$5(SignatureHelpProvider.scala:325)
	at scala.meta.internal.pc.SignatureHelpProvider$MethodCallTraverser.$anonfun$visit$5$adapted(SignatureHelpProvider.scala:312)
	at scala.collection.TraversableLike$WithFilter.$anonfun$foreach$1(TraversableLike.scala:792)
	at scala.collection.immutable.List.foreach(List.scala:392)
	at scala.collection.TraversableLike$WithFilter.foreach(TraversableLike.scala:791)
	at scala.meta.internal.pc.SignatureHelpProvider$MethodCallTraverser.$anonfun$visit$3(SignatureHelpProvider.scala:312)
	at scala.meta.internal.pc.SignatureHelpProvider$MethodCallTraverser.$anonfun$visit$3$adapted(SignatureHelpProvider.scala:311)
	at scala.collection.TraversableLike$WithFilter.$anonfun$foreach$1(TraversableLike.scala:792)
	at scala.collection.immutable.List.foreach(List.scala:392)
	at scala.collection.TraversableLike$WithFilter.foreach(TraversableLike.scala:791)
	at scala.meta.internal.pc.SignatureHelpProvider$MethodCallTraverser.visit(SignatureHelpProvider.scala:311)
	at scala.meta.internal.pc.SignatureHelpProvider$MethodCallTraverser.traverse(SignatureHelpProvider.scala:300)
	at scala.meta.internal.pc.SignatureHelpProvider$MethodCallTraverser.traverse(SignatureHelpProvider.scala:265)
	at scala.reflect.internal.Trees.traverseComponents$1(Trees.scala:1330)
	at scala.reflect.internal.Trees.itraverse(Trees.scala:1366)
	at scala.reflect.internal.Trees.itraverse$(Trees.scala:1236)
	at scala.reflect.internal.SymbolTable.itraverse(SymbolTable.scala:27)
	at scala.reflect.internal.SymbolTable.itraverse(SymbolTable.scala:27)
	at scala.reflect.api.Trees$Traverser.traverse(Trees.scala:2483)
	at scala.meta.internal.pc.SignatureHelpProvider$MethodCallTraverser.visit(SignatureHelpProvider.scala:327)
	at scala.meta.internal.pc.SignatureHelpProvider$MethodCallTraverser.traverse(SignatureHelpProvider.scala:300)
	at scala.meta.internal.pc.SignatureHelpProvider$MethodCallTraverser.traverse(SignatureHelpProvider.scala:265)
	at scala.reflect.internal.Trees.traverseComponents$1(Trees.scala:1297)
	at scala.reflect.internal.Trees.itraverse(Trees.scala:1366)
	at scala.reflect.internal.Trees.itraverse$(Trees.scala:1236)
	at scala.reflect.internal.SymbolTable.itraverse(SymbolTable.scala:27)
	at scala.reflect.internal.SymbolTable.itraverse(SymbolTable.scala:27)
	at scala.reflect.api.Trees$Traverser.traverse(Trees.scala:2483)
	at scala.meta.internal.pc.SignatureHelpProvider$MethodCallTraverser.visit(SignatureHelpProvider.scala:329)
	at scala.meta.internal.pc.SignatureHelpProvider$MethodCallTraverser.traverse(SignatureHelpProvider.scala:300)
	at scala.meta.internal.pc.SignatureHelpProvider$MethodCallTraverser.traverse(SignatureHelpProvider.scala:265)
	at scala.reflect.internal.Trees.$anonfun$itraverse$3(Trees.scala:1365)
	at scala.reflect.api.Trees$Traverser.atOwner(Trees.scala:2515)
	at scala.reflect.internal.Trees.itraverse(Trees.scala:1365)
	at scala.reflect.internal.Trees.itraverse$(Trees.scala:1236)
	at scala.reflect.internal.SymbolTable.itraverse(SymbolTable.scala:27)
	at scala.reflect.internal.SymbolTable.itraverse(SymbolTable.scala:27)
	at scala.reflect.api.Trees$Traverser.traverse(Trees.scala:2483)
	at scala.meta.internal.pc.SignatureHelpProvider$MethodCallTraverser.visit(SignatureHelpProvider.scala:329)
	at scala.meta.internal.pc.SignatureHelpProvider$MethodCallTraverser.traverse(SignatureHelpProvider.scala:300)
	at scala.meta.internal.pc.SignatureHelpProvider$MethodCallTraverser.$anonfun$visit$5(SignatureHelpProvider.scala:325)
	at scala.meta.internal.pc.SignatureHelpProvider$MethodCallTraverser.$anonfun$visit$5$adapted(SignatureHelpProvider.scala:312)
	at scala.collection.TraversableLike$WithFilter.$anonfun$foreach$1(TraversableLike.scala:792)
	at scala.collection.immutable.List.foreach(List.scala:392)
	at scala.collection.TraversableLike$WithFilter.foreach(TraversableLike.scala:791)
	at scala.meta.internal.pc.SignatureHelpProvider$MethodCallTraverser.$anonfun$visit$3(SignatureHelpProvider.scala:312)
	at scala.meta.internal.pc.SignatureHelpProvider$MethodCallTraverser.$anonfun$visit$3$adapted(SignatureHelpProvider.scala:311)
	at scala.collection.TraversableLike$WithFilter.$anonfun$foreach$1(TraversableLike.scala:792)
	at scala.collection.immutable.List.foreach(List.scala:392)
	at scala.collection.TraversableLike$WithFilter.foreach(TraversableLike.scala:791)
	at scala.meta.internal.pc.SignatureHelpProvider$MethodCallTraverser.visit(SignatureHelpProvider.scala:311)
	at scala.meta.internal.pc.SignatureHelpProvider$MethodCallTraverser.traverse(SignatureHelpProvider.scala:300)
	at scala.meta.internal.pc.SignatureHelpProvider$MethodCallTraverser.fromTree(SignatureHelpProvider.scala:269)
	at scala.meta.internal.pc.SignatureHelpProvider.signatureHelp(SignatureHelpProvider.scala:26)

WARN  no build target: E:\UCSC\2nd Year\1st Sem\SCS 2204 Functional Programming\Assignments\2\Functions and Data\Q4\Q4.scala
WARN  no build target: 
WARN  no build target: E:\UCSC\2nd Year\1st Sem\SCS 2204 Functional Programming\Assignments\2\Functions and Data\Q4\Q4.scala
WARN  no build target: 
WARN  no build target: E:\UCSC\2nd Year\1st Sem\SCS 2204 Functional Programming\Assignments\2\Functions and Data\Q4\Q4.scala
WARN  no build target: 
WARN  no build target: E:\UCSC\2nd Year\1st Sem\SCS 2204 Functional Programming\Assignments\2\Functions and Data\Q4\Q4.scala
WARN  no build target: 
WARN  no build target: E:\UCSC\2nd Year\1st Sem\SCS 2204 Functional Programming\Assignments\2\Functions and Data\Q4\Q4.scala
WARN  no build target: 
WARN  no build target: E:\UCSC\2nd Year\1st Sem\SCS 2204 Functional Programming\Assignments\2\Functions and Data\Q4\Q4.scala
WARN  no build target: 
WARN  no build target: E:\UCSC\2nd Year\1st Sem\SCS 2204 Functional Programming\Assignments\2\Functions and Data\Q4\Q4.scala
WARN  no build target: 
WARN  no build tool detected in workspace 'E:\UCSC\2nd Year\1st Sem\SCS 2204 Functional Programming\Assignments\2\Functions and Data\Q4'. The most common cause for this problem is that the editor was opened in the wrong working directory, for example if you use sbt then the workspace directory should contain build.sbt. 
WARN  no build target: E:\UCSC\2nd Year\1st Sem\SCS 2204 Functional Programming\Assignments\2\Functions and Data\Q4\Q4.scala
WARN  no build target: 
WARN  no build target: E:\UCSC\2nd Year\1st Sem\SCS 2204 Functional Programming\Assignments\2\Functions and Data\Q4\Q4.scala
WARN  no build target: 
WARN  no build target: E:\UCSC\2nd Year\1st Sem\SCS 2204 Functional Programming\Assignments\2\Functions and Data\Q4\Q4.scala
WARN  no build target: 
WARN  no build tool detected in workspace 'E:\UCSC\2nd Year\1st Sem\SCS 2204 Functional Programming\Assignments\2\Functions and Data\Q4'. The most common cause for this problem is that the editor was opened in the wrong working directory, for example if you use sbt then the workspace directory should contain build.sbt. 
WARN  no build tool detected in workspace 'E:\UCSC\2nd Year\1st Sem\SCS 2204 Functional Programming\Assignments\2\Functions and Data\Q4'. The most common cause for this problem is that the editor was opened in the wrong working directory, for example if you use sbt then the workspace directory should contain build.sbt. 
WARN  no build target: E:\UCSC\2nd Year\1st Sem\SCS 2204 Functional Programming\Assignments\2\Functions and Data\Q4\Q4.scala
WARN  no build target: 
WARN  no build target: E:\UCSC\2nd Year\1st Sem\SCS 2204 Functional Programming\Assignments\2\Functions and Data\Q4\Q4.scala
WARN  no build target: 
WARN  no build target: E:\UCSC\2nd Year\1st Sem\SCS 2204 Functional Programming\Assignments\2\Functions and Data\Q4\Q4.scala
WARN  no build target: 
WARN  no build target: E:\UCSC\2nd Year\1st Sem\SCS 2204 Functional Programming\Assignments\2\Functions and Data\Q4\Q4.scala
WARN  no build target: 
WARN  no build target: E:\UCSC\2nd Year\1st Sem\SCS 2204 Functional Programming\Assignments\2\Functions and Data\Q4\Q4.scala
WARN  no build target: 
WARN  no build tool detected in workspace 'E:\UCSC\2nd Year\1st Sem\SCS 2204 Functional Programming\Assignments\2\Functions and Data\Q4'. The most common cause for this problem is that the editor was opened in the wrong working directory, for example if you use sbt then the workspace directory should contain build.sbt. 
WARN  no build tool detected in workspace 'E:\UCSC\2nd Year\1st Sem\SCS 2204 Functional Programming\Assignments\2\Functions and Data\Q4'. The most common cause for this problem is that the editor was opened in the wrong working directory, for example if you use sbt then the workspace directory should contain build.sbt. 
WARN  no build tool detected in workspace 'E:\UCSC\2nd Year\1st Sem\SCS 2204 Functional Programming\Assignments\2\Functions and Data\Q4'. The most common cause for this problem is that the editor was opened in the wrong working directory, for example if you use sbt then the workspace directory should contain build.sbt. 
WARN  no build tool detected in workspace 'E:\UCSC\2nd Year\1st Sem\SCS 2204 Functional Programming\Assignments\2\Functions and Data\Q4'. The most common cause for this problem is that the editor was opened in the wrong working directory, for example if you use sbt then the workspace directory should contain build.sbt. 
WARN  no build tool detected in workspace 'E:\UCSC\2nd Year\1st Sem\SCS 2204 Functional Programming\Assignments\2\Functions and Data\Q4'. The most common cause for this problem is that the editor was opened in the wrong working directory, for example if you use sbt then the workspace directory should contain build.sbt. 
WARN  no build target: E:\UCSC\2nd Year\1st Sem\SCS 2204 Functional Programming\Assignments\2\Functions and Data\Q4\Q4.scala
WARN  no build target: 
INFO  shutting down Metals
